*** Starting uWSGI 2.0.18 (64bit) on [Fri Apr 17 21:10:49 2020] ***
compiled with version: 5.4.0 20160609 on 10 April 2020 15:48:49
os: Linux-4.4.0-177-generic #207-Ubuntu SMP Mon Mar 16 01:16:10 UTC 2020
nodename: Myhkserver
machine: x86_64
clock source: unix
detected number of CPU cores: 1
current working directory: /home/my_blog
writing pidfile to uwsgi.pid
detected binary path: /usr/local/bin/uwsgi
!!! no internal routing support, rebuild with pcre support !!!
uWSGI running as root, you can use --uid/--gid/--chroot options
*** WARNING: you are running uWSGI as root !!! (use the --uid flag) *** 
chdir() to /home/my_blog
your processes number limit is 1783
your memory page size is 4096 bytes
detected max file descriptor number: 1024
lock engine: pthread robust mutexes
thunder lock: disabled (you can enable it with --thunder-lock)
uWSGI http bound on :8011 fd 4
uwsgi socket 0 bound to TCP address 127.0.0.1:42082 (port auto-assigned) fd 3
uWSGI running as root, you can use --uid/--gid/--chroot options
*** WARNING: you are running uWSGI as root !!! (use the --uid flag) *** 
Python version: 3.5.2 (default, Oct  8 2019, 13:06:37)  [GCC 5.4.0 20160609]
PEP 405 virtualenv detected: /home/my_blog_env
Set PythonHome to /home/my_blog_env
Python main interpreter initialized at 0x2304510
uWSGI running as root, you can use --uid/--gid/--chroot options
*** WARNING: you are running uWSGI as root !!! (use the --uid flag) *** 
python threads support enabled
your server socket listen backlog is limited to 100 connections
your mercy for graceful operations on workers is 60 seconds
mapped 416880 bytes (407 KB) for 8 cores
*** Operational MODE: preforking+threaded ***
WSGI app 0 (mountpoint='') ready in 4 seconds on interpreter 0x2304510 pid: 27492 (default app)
uWSGI running as root, you can use --uid/--gid/--chroot options
*** WARNING: you are running uWSGI as root !!! (use the --uid flag) *** 
*** uWSGI is running in multiple interpreter mode ***
spawned uWSGI master process (pid: 27492)
spawned uWSGI worker 1 (pid: 27496, cores: 2)
spawned uWSGI worker 2 (pid: 27498, cores: 2)
spawned uWSGI worker 3 (pid: 27500, cores: 2)
spawned uWSGI worker 4 (pid: 27502, cores: 2)
spawned uWSGI http 1 (pid: 27504)
[pid: 27502|app: 0|req: 1/1] 197.149.195.101 () {36 vars in 658 bytes} [Sat Apr 18 09:11:09 2020] GET / => generated 5771 bytes in 1717 msecs (HTTP/1.1 200) 4 headers in 124 bytes (1 switches on core 0)
Not Found: /static/bootstrap/css/bootstrap.min.css
[pid: 27502|app: 0|req: 2/2] 197.149.195.101 () {36 vars in 641 bytes} [Sat Apr 18 09:11:11 2020] GET /static/bootstrap/css/bootstrap.min.css => generated 3186 bytes in 20 msecs (HTTP/1.1 404) 3 headers in 102 bytes (1 switches on core 1)
Not Found: /static/md_css/monokai.css
[pid: 27502|app: 0|req: 3/3] 197.149.195.101 () {36 vars in 615 bytes} [Sat Apr 18 09:11:12 2020] GET /static/md_css/monokai.css => generated 3147 bytes in 18 msecs (HTTP/1.1 404) 3 headers in 102 bytes (1 switches on core 0)
Not Found: /static/jquery/jquery-3.3.1.js
[pid: 27502|app: 0|req: 5/4] 197.149.195.101 () {36 vars in 608 bytes} [Sat Apr 18 09:11:12 2020] GET /static/jquery/jquery-3.3.1.js => generated 3159 bytes in 50 msecs (HTTP/1.1 404) 3 headers in 102 bytes (1 switches on core 1)
Not Found: /static/popper/popper-1.14.4.js
[pid: 27502|app: 0|req: 5/5] 197.149.195.101 () {36 vars in 610 bytes} [Sat Apr 18 09:11:12 2020] GET /static/popper/popper-1.14.4.js => generated 3162 bytes in 59 msecs (HTTP/1.1 404) 3 headers in 102 bytes (1 switches on core 0)
Not Found: /static/layer/layer.js
[pid: 27502|app: 0|req: 6/6] 197.149.195.101 () {36 vars in 592 bytes} [Sat Apr 18 09:11:13 2020] GET /static/layer/layer.js => generated 3135 bytes in 37 msecs (HTTP/1.1 404) 3 headers in 102 bytes (1 switches on core 1)
Not Found: /static/bootstrap/js/bootstrap.min.js
[pid: 27500|app: 0|req: 1/7] 197.149.195.101 () {36 vars in 622 bytes} [Sat Apr 18 09:11:12 2020] GET /static/bootstrap/js/bootstrap.min.js => generated 3180 bytes in 1220 msecs (HTTP/1.1 404) 3 headers in 102 bytes (1 switches on core 0)
Not Found: /static/layer/layer.js
[pid: 27502|app: 0|req: 7/8] 197.149.195.101 () {36 vars in 592 bytes} [Sat Apr 18 09:11:14 2020] GET /static/layer/layer.js => generated 3135 bytes in 15 msecs (HTTP/1.1 404) 3 headers in 102 bytes (1 switches on core 0)
Not Found: /favicon.ico
[pid: 27502|app: 0|req: 8/9] 197.149.195.101 () {36 vars in 608 bytes} [Sat Apr 18 09:11:15 2020] GET /favicon.ico => generated 3105 bytes in 15 msecs (HTTP/1.1 404) 3 headers in 102 bytes (1 switches on core 1)
*** Starting uWSGI 2.0.18 (64bit) on [Fri Apr 17 21:14:28 2020] ***
compiled with version: 5.4.0 20160609 on 10 April 2020 15:48:49
os: Linux-4.4.0-177-generic #207-Ubuntu SMP Mon Mar 16 01:16:10 UTC 2020
nodename: Myhkserver
machine: x86_64
clock source: unix
detected number of CPU cores: 1
current working directory: /home/my_blog
writing pidfile to uwsgi.pid
detected binary path: /usr/local/bin/uwsgi
!!! no internal routing support, rebuild with pcre support !!!
uWSGI running as root, you can use --uid/--gid/--chroot options
*** WARNING: you are running uWSGI as root !!! (use the --uid flag) *** 
chdir() to /home/my_blog
your processes number limit is 1783
your memory page size is 4096 bytes
detected max file descriptor number: 1024
lock engine: pthread robust mutexes
thunder lock: disabled (you can enable it with --thunder-lock)
probably another instance of uWSGI is running on the same address (:8011).
bind(): Address already in use [core/socket.c line 769]
*** Starting uWSGI 2.0.18 (64bit) on [Fri Apr 17 21:31:28 2020] ***
compiled with version: 5.4.0 20160609 on 10 April 2020 15:48:49
os: Linux-4.4.0-177-generic #207-Ubuntu SMP Mon Mar 16 01:16:10 UTC 2020
nodename: Myhkserver
machine: x86_64
clock source: unix
detected number of CPU cores: 1
current working directory: /home/my_blog
writing pidfile to uwsgi.pid
detected binary path: /usr/local/bin/uwsgi
!!! no internal routing support, rebuild with pcre support !!!
uWSGI running as root, you can use --uid/--gid/--chroot options
*** WARNING: you are running uWSGI as root !!! (use the --uid flag) *** 
chdir() to /home/my_blog
your processes number limit is 1783
your memory page size is 4096 bytes
detected max file descriptor number: 1024
lock engine: pthread robust mutexes
thunder lock: disabled (you can enable it with --thunder-lock)
probably another instance of uWSGI is running on the same address (:8011).
bind(): Address already in use [core/socket.c line 769]
gateway "uWSGI http 1" has been buried (pid: 27504)
...brutally killing workers...
worker 1 buried after 3 seconds
worker 2 buried after 3 seconds
worker 3 buried after 3 seconds
worker 4 buried after 3 seconds
binary reloading uWSGI...
chdir() to /home/my_blog
closing all non-uwsgi socket fds > 2 (max_fd = 1024)...
found fd 3 mapped to socket 0 (127.0.0.1:42082)
running /usr/local/bin/uwsgi
[uWSGI] getting INI configuration from uwsgi.ini
*** Starting uWSGI 2.0.18 (64bit) on [Sat Apr 18 09:35:05 2020] ***
compiled with version: 5.4.0 20160609 on 10 April 2020 15:48:49
os: Linux-4.4.0-177-generic #207-Ubuntu SMP Mon Mar 16 01:16:10 UTC 2020
nodename: Myhkserver
machine: x86_64
clock source: unix
detected number of CPU cores: 1
current working directory: /home/my_blog
detected binary path: /usr/local/bin/uwsgi
!!! no internal routing support, rebuild with pcre support !!!
uWSGI running as root, you can use --uid/--gid/--chroot options
*** WARNING: you are running uWSGI as root !!! (use the --uid flag) *** 
chdir() to /home/my_blog
your processes number limit is 1783
your memory page size is 4096 bytes
detected max file descriptor number: 1024
lock engine: pthread robust mutexes
thunder lock: disabled (you can enable it with --thunder-lock)
uwsgi socket 0 bound to TCP address :8011 fd 3
uWSGI running as root, you can use --uid/--gid/--chroot options
*** WARNING: you are running uWSGI as root !!! (use the --uid flag) *** 
Python version: 3.5.2 (default, Oct  8 2019, 13:06:37)  [GCC 5.4.0 20160609]
PEP 405 virtualenv detected: /home/my_blog_env
Set PythonHome to /home/my_blog_env
Python main interpreter initialized at 0x20227b0
uWSGI running as root, you can use --uid/--gid/--chroot options
*** WARNING: you are running uWSGI as root !!! (use the --uid flag) *** 
python threads support enabled
your server socket listen backlog is limited to 100 connections
your mercy for graceful operations on workers is 60 seconds
mapped 416880 bytes (407 KB) for 8 cores
*** Operational MODE: preforking+threaded ***
WSGI app 0 (mountpoint='') ready in 4 seconds on interpreter 0x20227b0 pid: 27492 (default app)
uWSGI running as root, you can use --uid/--gid/--chroot options
*** WARNING: you are running uWSGI as root !!! (use the --uid flag) *** 
*** uWSGI is running in multiple interpreter mode ***
gracefully (RE)spawned uWSGI master process (pid: 27492)
spawned uWSGI worker 1 (pid: 29074, cores: 2)
spawned uWSGI worker 2 (pid: 29076, cores: 2)
spawned uWSGI worker 3 (pid: 29078, cores: 2)
spawned uWSGI worker 4 (pid: 29080, cores: 2)
*** Starting uWSGI 2.0.18 (64bit) on [Fri Apr 17 21:38:09 2020] ***
compiled with version: 5.4.0 20160609 on 10 April 2020 15:48:49
os: Linux-4.4.0-177-generic #207-Ubuntu SMP Mon Mar 16 01:16:10 UTC 2020
nodename: Myhkserver
machine: x86_64
clock source: unix
detected number of CPU cores: 1
current working directory: /home/my_blog
writing pidfile to uwsgi.pid
detected binary path: /usr/local/bin/uwsgi
!!! no internal routing support, rebuild with pcre support !!!
uWSGI running as root, you can use --uid/--gid/--chroot options
*** WARNING: you are running uWSGI as root !!! (use the --uid flag) *** 
chdir() to /home/my_blog
your processes number limit is 1783
your memory page size is 4096 bytes
detected max file descriptor number: 1024
lock engine: pthread robust mutexes
thunder lock: disabled (you can enable it with --thunder-lock)
uwsgi socket 0 bound to TCP address :8011 fd 3
uWSGI running as root, you can use --uid/--gid/--chroot options
*** WARNING: you are running uWSGI as root !!! (use the --uid flag) *** 
Python version: 3.5.2 (default, Oct  8 2019, 13:06:37)  [GCC 5.4.0 20160609]
PEP 405 virtualenv detected: /home/my_blog_env
Set PythonHome to /home/my_blog_env
Python main interpreter initialized at 0x241b020
uWSGI running as root, you can use --uid/--gid/--chroot options
*** WARNING: you are running uWSGI as root !!! (use the --uid flag) *** 
python threads support enabled
your server socket listen backlog is limited to 100 connections
your mercy for graceful operations on workers is 60 seconds
mapped 416880 bytes (407 KB) for 8 cores
*** Operational MODE: preforking+threaded ***
WSGI app 0 (mountpoint='') ready in 3 seconds on interpreter 0x241b020 pid: 29256 (default app)
uWSGI running as root, you can use --uid/--gid/--chroot options
*** WARNING: you are running uWSGI as root !!! (use the --uid flag) *** 
*** uWSGI is running in multiple interpreter mode ***
spawned uWSGI master process (pid: 29256)
spawned uWSGI worker 1 (pid: 29262, cores: 2)
spawned uWSGI worker 2 (pid: 29264, cores: 2)
spawned uWSGI worker 3 (pid: 29266, cores: 2)
spawned uWSGI worker 4 (pid: 29268, cores: 2)
[pid: 29268|app: 0|req: 1/1] 197.149.195.101 () {52 vars in 1219 bytes} [Sat Apr 18 09:38:14 2020] GET / => generated 5771 bytes in 1664 msecs (HTTP/1.1 200) 4 headers in 124 bytes (1 switches on core 0)
Not Found: /favicon.ico
[pid: 29268|app: 0|req: 2/2] 197.149.195.101 () {52 vars in 1175 bytes} [Sat Apr 18 09:38:19 2020] GET /favicon.ico => generated 3108 bytes in 22 msecs (HTTP/1.1 404) 3 headers in 102 bytes (1 switches on core 1)
[pid: 29268|app: 0|req: 3/3] 197.149.195.101 () {50 vars in 1200 bytes} [Sat Apr 18 09:40:35 2020] GET /xadmin => generated 0 bytes in 2 msecs (HTTP/1.1 301) 3 headers in 113 bytes (1 switches on core 0)
[pid: 29262|app: 0|req: 1/4] 197.149.195.101 () {50 vars in 1202 bytes} [Sat Apr 18 09:40:35 2020] GET /xadmin/ => generated 4354 bytes in 1437 msecs (HTTP/1.1 200) 7 headers in 395 bytes (1 switches on core 0)
[pid: 29268|app: 0|req: 4/5] 197.149.195.101 () {48 vars in 1175 bytes} [Sat Apr 18 09:40:39 2020] GET /xadmin/jsi18n/ => generated 4361 bytes in 211 msecs (HTTP/1.1 200) 7 headers in 395 bytes (1 switches on core 0)
[pid: 29268|app: 0|req: 5/6] 197.149.195.101 () {60 vars in 1528 bytes} [Sat Apr 18 09:40:45 2020] POST /xadmin/ => generated 0 bytes in 483 msecs (HTTP/1.1 302) 9 headers in 560 bytes (1 switches on core 1)
[pid: 29268|app: 0|req: 6/7] 197.149.195.101 () {54 vars in 1412 bytes} [Sat Apr 18 09:40:46 2020] GET /xadmin/ => generated 15208 bytes in 1272 msecs (HTTP/1.1 200) 6 headers in 228 bytes (1 switches on core 0)
[pid: 29268|app: 0|req: 7/8] 197.149.195.101 () {48 vars in 1219 bytes} [Sat Apr 18 09:40:48 2020] GET /xadmin/jsi18n/ => generated 7684 bytes in 101 msecs (HTTP/1.1 200) 4 headers in 132 bytes (1 switches on core 1)
[pid: 29268|app: 0|req: 8/9] 197.149.195.101 () {52 vars in 1425 bytes} [Sat Apr 18 09:40:54 2020] GET /xadmin/article/articlecolumn/ => generated 28953 bytes in 540 msecs (HTTP/1.1 200) 8 headers in 541 bytes (1 switches on core 0)
[pid: 29268|app: 0|req: 9/10] 197.149.195.101 () {48 vars in 1241 bytes} [Sat Apr 18 09:40:56 2020] GET /xadmin/jsi18n/ => generated 7684 bytes in 91 msecs (HTTP/1.1 200) 4 headers in 132 bytes (1 switches on core 1)
[pid: 29268|app: 0|req: 10/11] 197.149.195.101 () {52 vars in 1455 bytes} [Sat Apr 18 09:40:59 2020] GET /xadmin/article/articlecolumn/add/ => generated 18841 bytes in 413 msecs (HTTP/1.1 200) 7 headers in 396 bytes (1 switches on core 0)
[pid: 29268|app: 0|req: 11/12] 197.149.195.101 () {48 vars in 1245 bytes} [Sat Apr 18 09:41:01 2020] GET /xadmin/jsi18n/ => generated 7684 bytes in 119 msecs (HTTP/1.1 200) 4 headers in 132 bytes (1 switches on core 1)
[pid: 29268|app: 0|req: 12/13] 197.149.195.101 () {52 vars in 1447 bytes} [Sat Apr 18 09:41:05 2020] GET /xadmin/article/articlepost/ => generated 39982 bytes in 444 msecs (HTTP/1.1 200) 8 headers in 541 bytes (1 switches on core 0)
[pid: 29268|app: 0|req: 13/14] 197.149.195.101 () {48 vars in 1239 bytes} [Sat Apr 18 09:41:08 2020] GET /xadmin/jsi18n/ => generated 7684 bytes in 117 msecs (HTTP/1.1 200) 4 headers in 132 bytes (1 switches on core 1)
[pid: 29268|app: 0|req: 14/15] 197.149.195.101 () {48 vars in 1276 bytes} [Sat Apr 18 09:42:41 2020] GET / => generated 7426 bytes in 136 msecs (HTTP/1.1 200) 5 headers in 292 bytes (1 switches on core 0)
[pid: 29268|app: 0|req: 15/16] 197.149.195.101 () {52 vars in 1402 bytes} [Sat Apr 18 09:43:10 2020] GET /article/article-list/ => generated 7426 bytes in 154 msecs (HTTP/1.1 200) 5 headers in 292 bytes (1 switches on core 1)
[pid: 29268|app: 0|req: 16/17] 197.149.195.101 () {52 vars in 1427 bytes} [Sat Apr 18 09:43:17 2020] GET /article/article-create/ => generated 12476 bytes in 138 msecs (HTTP/1.1 200) 5 headers in 293 bytes (1 switches on core 0)
[pid: 29268|app: 0|req: 17/18] 197.149.195.101 () {52 vars in 1445 bytes} [Sat Apr 18 09:44:41 2020] GET /xadmin/article/articlecolumn/ => generated 28953 bytes in 343 msecs (HTTP/1.1 200) 8 headers in 541 bytes (1 switches on core 1)
[pid: 29268|app: 0|req: 18/19] 197.149.195.101 () {48 vars in 1241 bytes} [Sat Apr 18 09:44:43 2020] GET /xadmin/jsi18n/ => generated 7684 bytes in 99 msecs (HTTP/1.1 200) 4 headers in 132 bytes (1 switches on core 0)
[pid: 29268|app: 0|req: 19/20] 197.149.195.101 () {52 vars in 1455 bytes} [Sat Apr 18 09:44:57 2020] GET /xadmin/article/articlecolumn/add/ => generated 18841 bytes in 355 msecs (HTTP/1.1 200) 7 headers in 396 bytes (1 switches on core 1)
[pid: 29268|app: 0|req: 20/21] 197.149.195.101 () {48 vars in 1245 bytes} [Sat Apr 18 09:44:58 2020] GET /xadmin/jsi18n/ => generated 7684 bytes in 90 msecs (HTTP/1.1 200) 4 headers in 132 bytes (1 switches on core 0)
[pid: 29268|app: 0|req: 21/22] 197.149.195.101 () {60 vars in 1722 bytes} [Sat Apr 18 09:45:07 2020] POST /xadmin/article/articlecolumn/add/ => generated 0 bytes in 160 msecs (HTTP/1.1 302) 8 headers in 561 bytes (1 switches on core 1)
[pid: 29268|app: 0|req: 22/23] 197.149.195.101 () {54 vars in 1729 bytes} [Sat Apr 18 09:45:08 2020] GET /xadmin/article/articlecolumn/ => generated 32977 bytes in 429 msecs (HTTP/1.1 200) 9 headers in 625 bytes (1 switches on core 0)
[pid: 29268|app: 0|req: 23/24] 197.149.195.101 () {48 vars in 1241 bytes} [Sat Apr 18 09:45:09 2020] GET /xadmin/jsi18n/ => generated 7684 bytes in 103 msecs (HTTP/1.1 200) 4 headers in 132 bytes (1 switches on core 1)
[pid: 29268|app: 0|req: 24/25] 197.149.195.101 () {54 vars in 1458 bytes} [Sat Apr 18 09:45:11 2020] GET /article/article-create/ => generated 12563 bytes in 118 msecs (HTTP/1.1 200) 5 headers in 293 bytes (1 switches on core 0)
[pid: 29268|app: 0|req: 25/26] 197.149.195.101 () {60 vars in 1693 bytes} [Sat Apr 18 09:47:05 2020] POST /article/article-create/ => generated 0 bytes in 451 msecs (HTTP/1.1 302) 5 headers in 158 bytes (2 switches on core 1)
[pid: 29268|app: 0|req: 26/27] 197.149.195.101 () {54 vars in 1455 bytes} [Sat Apr 18 09:47:06 2020] GET /article/article-list/ => generated 10976 bytes in 175 msecs (HTTP/1.1 200) 5 headers in 293 bytes (1 switches on core 0)
[pid: 29268|app: 0|req: 27/28] 197.149.195.101 () {48 vars in 1348 bytes} [Sat Apr 18 09:47:07 2020] GET /media/article/20200418/u9478675063783601537fm26gp0.jpg => generated 12615 bytes in 5 msecs via sendfile() (HTTP/1.1 200) 4 headers in 143 bytes (0 switches on core 1)
[pid: 29266|app: 0|req: 1/29] 197.149.195.101 () {52 vars in 1430 bytes} [Sat Apr 18 09:47:16 2020] GET /article/article-detail/1/ => generated 24229 bytes in 1908 msecs (HTTP/1.1 200) 5 headers in 293 bytes (1 switches on core 0)
[pid: 29268|app: 0|req: 28/30] 197.149.195.101 () {54 vars in 1461 bytes} [Sat Apr 18 09:47:47 2020] GET /article/article-detail/1/ => generated 24229 bytes in 325 msecs (HTTP/1.1 200) 5 headers in 293 bytes (1 switches on core 0)
